<?xml version="1.0" encoding="UTF-8"?>
<!-- Generated by org.testng.reporters.JUnitReportReporter -->
<testsuite hostname="LAPTOP-KTQ0G5M6" failures="0" tests="1" name="practise.Practisee" time="0.010" errors="0" timestamp="2023-09-17T13:49:21 IST" skipped="0">
  <testcase classname="practise.Practisee" name="sample" time="0.010"/>
  <system-out/>
</testsuite> <!-- practise.Practisee -->
