<?xml version="1.0" encoding="UTF-8"?>
<!-- Generated by org.testng.reporters.JUnitReportReporter -->
<testsuite hostname="LAPTOP-KTQ0G5M6" failures="0" tests="1" name="practise.AjitGitDemo" time="0.013" errors="0" timestamp="2023-09-18T21:12:29 IST" skipped="0">
  <testcase classname="practise.AjitGitDemo" name="demoA" time="0.013"/>
  <system-out/>
</testsuite> <!-- practise.AjitGitDemo -->
