<?xml version="1.0" encoding="UTF-8"?>
<!-- Generated by org.testng.reporters.JUnitReportReporter -->
<testsuite hostname="LAPTOP-KTQ0G5M6" failures="0" tests="1" name="practise.Demo" time="0.009" errors="0" timestamp="2023-09-18T12:18:46 IST" skipped="0">
  <testcase classname="practise.Demo" name="demo" time="0.009"/>
  <system-out/>
</testsuite> <!-- practise.Demo -->
